<?xml version="1.0" encoding="UTF-8"?>
<!-- Generated by org.testng.reporters.JUnitReportReporter -->
<testsuite skipped="0" hostname="Jarvis-PC" name="co.in.kayak.test.FlightBooking" tests="1" failures="0" timestamp="14 Feb 2018 15:26:25 GMT" time="58.368" errors="0">
  <testcase name="flightBooking" time="58.368" classname="co.in.kayak.test.FlightBooking"/>
</testsuite> <!-- co.in.kayak.test.FlightBooking -->
